[ 2015-11-29T20:42:41+08:00 ] 0.0.0.0 /xxx/admin.php
INFO: [ app_begin ] --START--
INFO: ReadHtmlCache Behavior ::run [ RunTime:0.000802s ]
INFO: [ app_begin ] --END-- [ RunTime:0.001007s ]
NOTIC: [2] mysql_connect() [<a href='function.mysql-connect'>function.mysql-connect</a>]: Access denied for user 'root'@'localhost' (using password: NO) C:\wamp\www\xxx\ThinkPHP\Lib\Driver\Db\DbMysql.class.php 第 55 行.
ERR: Access denied for user 'root'@'localhost' (using password: NO)

[ 2015-11-29T20:44:36+08:00 ] 0.0.0.0 /xxx/admin.php
INFO: [ app_begin ] --START--
INFO: ReadHtmlCache Behavior ::run [ RunTime:0.000980s ]
INFO: [ app_begin ] --END-- [ RunTime:0.001128s ]
NOTIC: [2] mysql_connect() [<a href='function.mysql-connect'>function.mysql-connect</a>]: Access denied for user 'root'@'localhost' (using password: NO) C:\wamp\www\xxx\ThinkPHP\Lib\Driver\Db\DbMysql.class.php 第 55 行.
ERR: Access denied for user 'root'@'localhost' (using password: NO)

[ 2015-11-29T20:45:13+08:00 ] 0.0.0.0 /xxx/admin.php
INFO: [ app_begin ] --START--
INFO: ReadHtmlCache Behavior ::run [ RunTime:0.000914s ]
INFO: [ app_begin ] --END-- [ RunTime:0.001050s ]
NOTIC: [2] mysql_connect() [<a href='function.mysql-connect'>function.mysql-connect</a>]: Access denied for user 'root'@'localhost' (using password: NO) C:\wamp\www\xxx\ThinkPHP\Lib\Driver\Db\DbMysql.class.php 第 55 行.
ERR: Access denied for user 'root'@'localhost' (using password: NO)

[ 2015-11-29T20:46:59+08:00 ] 0.0.0.0 /xxx/admin.php
INFO: [ app_begin ] --START--
INFO: ReadHtmlCache Behavior ::run [ RunTime:0.001699s ]
INFO: [ app_begin ] --END-- [ RunTime:0.002010s ]

[ 2015-11-29T20:47:40+08:00 ] 0.0.0.0 /xxx/admin.php
INFO: [ app_begin ] --START--
INFO: ReadHtmlCache Behavior ::run [ RunTime:0.001183s ]
INFO: [ app_begin ] --END-- [ RunTime:0.001343s ]
SQL: SHOW COLUMNS FROM `tb_tree` [ RunTime:0.025516s ]
SQL: SELECT * FROM `tb_tree` WHERE ( treepid=0 ) ORDER BY treeodr ASC  [ RunTime:0.081739s ]
SQL: SELECT * FROM `tb_tree` WHERE ( treepid=3 ) ORDER BY treeodr ASC  [ RunTime:0.000334s ]
SQL: SELECT * FROM `tb_tree` WHERE ( treepid=7 ) ORDER BY treeodr ASC  [ RunTime:0.000252s ]
SQL: SELECT * FROM `tb_tree` WHERE ( treepid=2 ) ORDER BY treeodr ASC  [ RunTime:0.006075s ]
SQL: SELECT * FROM `tb_tree` WHERE ( treepid=9 ) ORDER BY treeodr ASC  [ RunTime:0.001762s ]
SQL: SELECT * FROM `tb_tree` WHERE ( treepid=1 ) ORDER BY treeodr ASC  [ RunTime:0.000463s ]
SQL: SELECT * FROM `tb_tree` WHERE ( treepid=5 ) ORDER BY treeodr ASC  [ RunTime:0.000287s ]
SQL: SELECT * FROM `tb_tree` WHERE ( treepid=4 ) ORDER BY treeodr ASC  [ RunTime:0.000242s ]
SQL: SELECT * FROM `tb_tree` WHERE ( treepid=10 ) ORDER BY treeodr ASC  [ RunTime:0.000240s ]
SQL: SELECT * FROM `tb_tree` WHERE ( treepid=6 ) ORDER BY treeodr ASC  [ RunTime:0.000227s ]
SQL: SELECT * FROM `tb_tree` WHERE ( treepid=8 ) ORDER BY treeodr ASC  [ RunTime:0.000246s ]

[ 2015-11-29T20:48:14+08:00 ] 0.0.0.0 /xxx/admin.php
INFO: [ app_begin ] --START--
INFO: ReadHtmlCache Behavior ::run [ RunTime:0.000827s ]
INFO: [ app_begin ] --END-- [ RunTime:0.000969s ]
SQL: SHOW COLUMNS FROM `tb_tree` [ RunTime:0.003550s ]
SQL: SELECT * FROM `tb_tree` WHERE ( treepid=0 ) ORDER BY treeodr ASC  [ RunTime:0.000889s ]

[ 2015-11-29T22:58:48+08:00 ] 0.0.0.0 /xxx/admin.php
INFO: [ app_begin ] --START--
INFO: ReadHtmlCache Behavior ::run [ RunTime:0.001214s ]
INFO: [ app_begin ] --END-- [ RunTime:0.001368s ]
SQL: SHOW COLUMNS FROM `tb_tree` [ RunTime:0.003795s ]
SQL: SELECT * FROM `tb_tree` WHERE ( treepid=0 ) ORDER BY treeodr ASC  [ RunTime:0.000462s ]
SQL: SELECT * FROM `tb_tree` WHERE ( treepid=3 ) ORDER BY treeodr ASC  [ RunTime:0.000275s ]
SQL: SELECT * FROM `tb_tree` WHERE ( treepid=7 ) ORDER BY treeodr ASC  [ RunTime:0.000218s ]
SQL: SELECT * FROM `tb_tree` WHERE ( treepid=2 ) ORDER BY treeodr ASC  [ RunTime:0.000227s ]
SQL: SELECT * FROM `tb_tree` WHERE ( treepid=9 ) ORDER BY treeodr ASC  [ RunTime:0.000205s ]
SQL: SELECT * FROM `tb_tree` WHERE ( treepid=1 ) ORDER BY treeodr ASC  [ RunTime:0.000207s ]
SQL: SELECT * FROM `tb_tree` WHERE ( treepid=5 ) ORDER BY treeodr ASC  [ RunTime:0.000211s ]
SQL: SELECT * FROM `tb_tree` WHERE ( treepid=4 ) ORDER BY treeodr ASC  [ RunTime:0.000249s ]
SQL: SELECT * FROM `tb_tree` WHERE ( treepid=10 ) ORDER BY treeodr ASC  [ RunTime:0.000210s ]
SQL: SELECT * FROM `tb_tree` WHERE ( treepid=6 ) ORDER BY treeodr ASC  [ RunTime:0.000201s ]
SQL: SELECT * FROM `tb_tree` WHERE ( treepid=8 ) ORDER BY treeodr ASC  [ RunTime:0.000288s ]

