[ 2015-12-03T14:37:53+08:00 ] 0.0.0.0 /xxx/admin.php/Index/test
INFO: [ route_check ] --START--
INFO: CheckRoute Behavior ::run [ RunTime:0.011106s ]
INFO: [ route_check ] --END-- [ RunTime:0.011527s ]
INFO: [ app_begin ] --START--
INFO: ReadHtmlCache Behavior ::run [ RunTime:0.013128s ]
INFO: [ app_begin ] --END-- [ RunTime:0.013568s ]

[ 2015-12-03T14:38:11+08:00 ] 0.0.0.0 /xxx/admin.php/Index/test
INFO: [ route_check ] --START--
INFO: CheckRoute Behavior ::run [ RunTime:0.002347s ]
INFO: [ route_check ] --END-- [ RunTime:0.002640s ]
INFO: [ app_begin ] --START--
INFO: ReadHtmlCache Behavior ::run [ RunTime:0.002592s ]
INFO: [ app_begin ] --END-- [ RunTime:0.003051s ]

[ 2015-12-03T14:38:24+08:00 ] 0.0.0.0 /xxx/admin.php/Index/test
INFO: [ route_check ] --START--
INFO: CheckRoute Behavior ::run [ RunTime:0.003798s ]
INFO: [ route_check ] --END-- [ RunTime:0.004241s ]
INFO: [ app_begin ] --START--
INFO: ReadHtmlCache Behavior ::run [ RunTime:0.002086s ]
INFO: [ app_begin ] --END-- [ RunTime:0.002408s ]

[ 2015-12-03T14:38:55+08:00 ] 0.0.0.0 /xxx/admin.php/Index/test
INFO: [ route_check ] --START--
INFO: CheckRoute Behavior ::run [ RunTime:0.004742s ]
INFO: [ route_check ] --END-- [ RunTime:0.005531s ]
INFO: [ app_begin ] --START--
INFO: ReadHtmlCache Behavior ::run [ RunTime:0.002074s ]
INFO: [ app_begin ] --END-- [ RunTime:0.002336s ]

[ 2015-12-03T14:39:59+08:00 ] 0.0.0.0 /xxx/admin.php/Index/test
INFO: [ route_check ] --START--
INFO: CheckRoute Behavior ::run [ RunTime:0.006971s ]
INFO: [ route_check ] --END-- [ RunTime:0.007778s ]
INFO: [ app_begin ] --START--
INFO: ReadHtmlCache Behavior ::run [ RunTime:0.002552s ]
INFO: [ app_begin ] --END-- [ RunTime:0.002918s ]

[ 2015-12-03T14:40:32+08:00 ] 0.0.0.0 /xxx/admin.php/Index/test
INFO: [ route_check ] --START--
INFO: CheckRoute Behavior ::run [ RunTime:0.002890s ]
INFO: [ route_check ] --END-- [ RunTime:0.003254s ]
INFO: [ app_begin ] --START--
INFO: ReadHtmlCache Behavior ::run [ RunTime:0.002886s ]
INFO: [ app_begin ] --END-- [ RunTime:0.003320s ]

[ 2015-12-03T14:40:41+08:00 ] 0.0.0.0 /xxx/admin.php/Index/test
INFO: [ route_check ] --START--
INFO: CheckRoute Behavior ::run [ RunTime:0.004342s ]
INFO: [ route_check ] --END-- [ RunTime:0.004923s ]
INFO: [ app_begin ] --START--
INFO: ReadHtmlCache Behavior ::run [ RunTime:0.003097s ]
INFO: [ app_begin ] --END-- [ RunTime:0.003618s ]

[ 2015-12-03T21:29:13+08:00 ] 0.0.0.0 /xxx/admin.php/Index/test
INFO: [ route_check ] --START--
INFO: CheckRoute Behavior ::run [ RunTime:0.004086s ]
INFO: [ route_check ] --END-- [ RunTime:0.004557s ]
INFO: [ app_begin ] --START--
INFO: ReadHtmlCache Behavior ::run [ RunTime:0.003420s ]
INFO: [ app_begin ] --END-- [ RunTime:0.003846s ]

